2017-08-22 12:06:19,285 [Worker-6] INFO  o.e.m.c.i.p.ProjectConfigurationManager - Collecting project info '/pom.xml' E:\DTJava\DTVersion3Final\CollabBackEnd\pom.xml
2017-08-22 12:06:22,096 [Worker-6] INFO  o.e.m.c.i.l.LifecycleMappingFactory - Using org.eclipse.m2e.jdt.JarLifecycleMapping lifecycle mapping for MavenProject: com.niit:CollabBackEnd:0.0.1-SNAPSHOT @ E:\DTJava\DTVersion3Final\CollabBackEnd\pom.xml.
2017-08-22 12:06:23,496 [Worker-6] INFO  o.e.m.j.i.AbstractJavaProjectConfigurator - Adding source folder /CollabBackEnd/src/main/java
2017-08-22 12:06:23,510 [Worker-6] INFO  o.e.m.j.i.AbstractJavaProjectConfigurator - Adding source folder /CollabBackEnd/src/test/java
2017-08-22 12:06:24,518 [Worker-6] INFO  o.e.m.c.i.p.ProjectConfigurationManager - Imported and configured 1 project(s) in 5 sec
2017-08-22 12:06:26,486 [Worker-14] INFO  o.e.m.c.i.embedder.EclipseLogger - Using 'UTF-8' encoding to copy filtered resources.
2017-08-22 12:06:26,487 [Worker-14] INFO  o.e.m.c.i.embedder.EclipseLogger - skip non existing resourceDirectory E:\DTJava\DTVersion3Final\CollabBackEnd\src\main\resources
2017-08-22 12:06:26,490 [Worker-14] INFO  o.e.m.c.i.embedder.EclipseLogger - Using 'UTF-8' encoding to copy filtered resources.
2017-08-22 12:06:26,490 [Worker-14] INFO  o.e.m.c.i.embedder.EclipseLogger - skip non existing resourceDirectory E:\DTJava\DTVersion3Final\CollabBackEnd\src\test\resources
2017-08-22 12:08:37,901 [Worker-13] INFO  o.e.m.c.i.embedder.EclipseLogger - Using 'UTF-8' encoding to copy filtered resources.
2017-08-22 12:08:37,901 [Worker-13] INFO  o.e.m.c.i.embedder.EclipseLogger - skip non existing resourceDirectory E:\DTJava\DTVersion3Final\CollabBackEnd\src\main\resources
2017-08-22 12:08:37,902 [Worker-13] INFO  o.e.m.c.i.embedder.EclipseLogger - Using 'UTF-8' encoding to copy filtered resources.
2017-08-22 12:08:37,903 [Worker-13] INFO  o.e.m.c.i.embedder.EclipseLogger - skip non existing resourceDirectory E:\DTJava\DTVersion3Final\CollabBackEnd\src\test\resources
2017-08-22 12:08:48,801 [Worker-13] INFO  o.e.m.c.i.embedder.EclipseLogger - Using 'UTF-8' encoding to copy filtered resources.
2017-08-22 12:08:48,801 [Worker-13] INFO  o.e.m.c.i.embedder.EclipseLogger - skip non existing resourceDirectory E:\DTJava\DTVersion3Final\CollabBackEnd\src\main\resources
2017-08-22 12:08:48,804 [Worker-13] INFO  o.e.m.c.i.embedder.EclipseLogger - Using 'UTF-8' encoding to copy filtered resources.
2017-08-22 12:08:48,804 [Worker-13] INFO  o.e.m.c.i.embedder.EclipseLogger - skip non existing resourceDirectory E:\DTJava\DTVersion3Final\CollabBackEnd\src\test\resources
2017-08-22 12:09:40,155 [Worker-21] INFO  o.e.m.c.i.l.LifecycleMappingFactory - Using org.eclipse.m2e.jdt.JarLifecycleMapping lifecycle mapping for MavenProject: com.niit:CollabBackEnd:0.0.1-SNAPSHOT @ E:\DTJava\DTVersion3Final\CollabBackEnd\pom.xml.
2017-08-22 12:09:41,632 [Worker-21] INFO  o.e.m.c.i.embedder.EclipseLogger - Using 'UTF-8' encoding to copy filtered resources.
2017-08-22 12:09:41,633 [Worker-21] INFO  o.e.m.c.i.embedder.EclipseLogger - skip non existing resourceDirectory E:\DTJava\DTVersion3Final\CollabBackEnd\src\main\resources
2017-08-22 12:09:41,636 [Worker-21] INFO  o.e.m.c.i.embedder.EclipseLogger - Using 'UTF-8' encoding to copy filtered resources.
2017-08-22 12:09:41,636 [Worker-21] INFO  o.e.m.c.i.embedder.EclipseLogger - skip non existing resourceDirectory E:\DTJava\DTVersion3Final\CollabBackEnd\src\test\resources
2017-08-22 12:09:51,455 [Worker-19] INFO  o.e.m.c.i.embedder.EclipseLogger - Using 'UTF-8' encoding to copy filtered resources.
2017-08-22 12:09:51,456 [Worker-19] INFO  o.e.m.c.i.embedder.EclipseLogger - skip non existing resourceDirectory E:\DTJava\DTVersion3Final\CollabBackEnd\src\main\resources
2017-08-22 12:09:51,457 [Worker-19] INFO  o.e.m.c.i.embedder.EclipseLogger - Using 'UTF-8' encoding to copy filtered resources.
2017-08-22 12:09:51,458 [Worker-19] INFO  o.e.m.c.i.embedder.EclipseLogger - skip non existing resourceDirectory E:\DTJava\DTVersion3Final\CollabBackEnd\src\test\resources
2017-08-22 12:12:10,122 [Worker-28] INFO  o.e.m.c.i.embedder.EclipseLogger - Using 'UTF-8' encoding to copy filtered resources.
2017-08-22 12:12:10,123 [Worker-28] INFO  o.e.m.c.i.embedder.EclipseLogger - skip non existing resourceDirectory E:\DTJava\DTVersion3Final\CollabBackEnd\src\main\resources
2017-08-22 12:12:10,125 [Worker-28] INFO  o.e.m.c.i.embedder.EclipseLogger - Using 'UTF-8' encoding to copy filtered resources.
2017-08-22 12:12:10,125 [Worker-28] INFO  o.e.m.c.i.embedder.EclipseLogger - skip non existing resourceDirectory E:\DTJava\DTVersion3Final\CollabBackEnd\src\test\resources
2017-08-22 12:12:58,102 [Worker-21] INFO  o.e.m.c.i.embedder.EclipseLogger - Using 'UTF-8' encoding to copy filtered resources.
2017-08-22 12:12:58,102 [Worker-21] INFO  o.e.m.c.i.embedder.EclipseLogger - skip non existing resourceDirectory E:\DTJava\DTVersion3Final\CollabBackEnd\src\main\resources
2017-08-22 12:12:58,104 [Worker-21] INFO  o.e.m.c.i.embedder.EclipseLogger - Using 'UTF-8' encoding to copy filtered resources.
2017-08-22 12:12:58,104 [Worker-21] INFO  o.e.m.c.i.embedder.EclipseLogger - skip non existing resourceDirectory E:\DTJava\DTVersion3Final\CollabBackEnd\src\test\resources
2017-08-22 12:14:47,206 [Worker-17] INFO  o.e.m.c.i.embedder.EclipseLogger - Using 'UTF-8' encoding to copy filtered resources.
2017-08-22 12:14:47,207 [Worker-17] INFO  o.e.m.c.i.embedder.EclipseLogger - skip non existing resourceDirectory E:\DTJava\DTVersion3Final\CollabBackEnd\src\main\resources
2017-08-22 12:14:47,210 [Worker-17] INFO  o.e.m.c.i.embedder.EclipseLogger - Using 'UTF-8' encoding to copy filtered resources.
2017-08-22 12:14:47,210 [Worker-17] INFO  o.e.m.c.i.embedder.EclipseLogger - skip non existing resourceDirectory E:\DTJava\DTVersion3Final\CollabBackEnd\src\test\resources
2017-08-22 12:21:40,736 [Worker-28] INFO  o.e.m.c.i.p.ProjectConfigurationManager - Collecting project info '/pom.xml' E:\DTJava\DTVersion3Final\CollabREST\pom.xml
2017-08-22 12:21:40,915 [Worker-28] INFO  o.e.m.c.i.l.LifecycleMappingFactory - Using org.maven.ide.eclipse.wtp.WarLifecycleMapping lifecycle mapping for MavenProject: com.niit:CollabREST:0.0.1-SNAPSHOT @ E:\DTJava\DTVersion3Final\CollabREST\pom.xml.
2017-08-22 12:21:41,965 [Worker-28] INFO  o.e.m.j.i.AbstractJavaProjectConfigurator - Adding source folder /CollabREST/src/main/java
2017-08-22 12:21:41,965 [Worker-28] INFO  o.e.m.j.i.AbstractJavaProjectConfigurator - Adding resource folder /CollabREST/src/main/resources
2017-08-22 12:21:41,966 [Worker-28] INFO  o.e.m.j.i.AbstractJavaProjectConfigurator - Adding source folder /CollabREST/src/test/java
2017-08-22 12:21:44,194 [Worker-28] INFO  o.e.m.c.i.p.ProjectConfigurationManager - Imported and configured 1 project(s) in 3 sec
2017-08-22 12:21:45,087 [Worker-32] WARN  o.e.m.c.i.embedder.EclipseLogger - Using platform encoding (Cp1252 actually) to copy filtered resources, i.e. build is platform dependent!
2017-08-22 12:21:45,096 [Worker-32] INFO  o.e.m.c.i.embedder.EclipseLogger - Copying 0 resource
2017-08-22 12:21:45,098 [Worker-32] WARN  o.e.m.c.i.embedder.EclipseLogger - Using platform encoding (Cp1252 actually) to copy filtered resources, i.e. build is platform dependent!
2017-08-22 12:21:45,099 [Worker-32] INFO  o.e.m.c.i.embedder.EclipseLogger - skip non existing resourceDirectory E:\DTJava\DTVersion3Final\CollabREST\src\test\resources
2017-08-22 12:21:46,472 [Worker-27] WARN  o.e.m.c.i.embedder.EclipseLogger - Using platform encoding (Cp1252 actually) to copy filtered resources, i.e. build is platform dependent!
2017-08-22 12:21:46,476 [Worker-27] INFO  o.e.m.c.i.embedder.EclipseLogger - Copying 0 resource
2017-08-22 12:21:46,477 [Worker-27] WARN  o.e.m.c.i.embedder.EclipseLogger - Using platform encoding (Cp1252 actually) to copy filtered resources, i.e. build is platform dependent!
2017-08-22 12:21:46,478 [Worker-27] INFO  o.e.m.c.i.embedder.EclipseLogger - skip non existing resourceDirectory E:\DTJava\DTVersion3Final\CollabREST\src\test\resources
2017-08-22 12:23:47,460 [Worker-32] WARN  o.e.m.c.i.embedder.EclipseLogger - Using platform encoding (Cp1252 actually) to copy filtered resources, i.e. build is platform dependent!
2017-08-22 12:23:47,462 [Worker-32] INFO  o.e.m.c.i.embedder.EclipseLogger - Copying 0 resource
2017-08-22 12:23:47,465 [Worker-32] WARN  o.e.m.c.i.embedder.EclipseLogger - Using platform encoding (Cp1252 actually) to copy filtered resources, i.e. build is platform dependent!
2017-08-22 12:23:47,466 [Worker-32] INFO  o.e.m.c.i.embedder.EclipseLogger - skip non existing resourceDirectory E:\DTJava\DTVersion3Final\CollabREST\src\test\resources
2017-08-22 12:23:56,168 [Worker-22] WARN  o.e.m.c.i.embedder.EclipseLogger - Using platform encoding (Cp1252 actually) to copy filtered resources, i.e. build is platform dependent!
2017-08-22 12:23:56,169 [Worker-22] INFO  o.e.m.c.i.embedder.EclipseLogger - Copying 0 resource
2017-08-22 12:23:56,171 [Worker-22] WARN  o.e.m.c.i.embedder.EclipseLogger - Using platform encoding (Cp1252 actually) to copy filtered resources, i.e. build is platform dependent!
2017-08-22 12:23:56,172 [Worker-22] INFO  o.e.m.c.i.embedder.EclipseLogger - skip non existing resourceDirectory E:\DTJava\DTVersion3Final\CollabREST\src\test\resources
2017-08-22 12:24:03,209 [Worker-28] WARN  o.e.m.c.i.embedder.EclipseLogger - Using platform encoding (Cp1252 actually) to copy filtered resources, i.e. build is platform dependent!
2017-08-22 12:24:03,211 [Worker-28] INFO  o.e.m.c.i.embedder.EclipseLogger - Copying 0 resource
2017-08-22 12:24:03,213 [Worker-28] WARN  o.e.m.c.i.embedder.EclipseLogger - Using platform encoding (Cp1252 actually) to copy filtered resources, i.e. build is platform dependent!
2017-08-22 12:24:03,216 [Worker-28] INFO  o.e.m.c.i.embedder.EclipseLogger - skip non existing resourceDirectory E:\DTJava\DTVersion3Final\CollabREST\src\test\resources
2017-08-22 12:24:15,821 [Worker-32] WARN  o.e.m.c.i.embedder.EclipseLogger - Using platform encoding (Cp1252 actually) to copy filtered resources, i.e. build is platform dependent!
2017-08-22 12:24:15,830 [Worker-32] INFO  o.e.m.c.i.embedder.EclipseLogger - Copying 0 resource
2017-08-22 12:24:15,831 [Worker-32] WARN  o.e.m.c.i.embedder.EclipseLogger - Using platform encoding (Cp1252 actually) to copy filtered resources, i.e. build is platform dependent!
2017-08-22 12:24:15,832 [Worker-32] INFO  o.e.m.c.i.embedder.EclipseLogger - skip non existing resourceDirectory E:\DTJava\DTVersion3Final\CollabREST\src\test\resources
2017-08-22 12:24:24,498 [Worker-28] WARN  o.e.m.c.i.embedder.EclipseLogger - Using platform encoding (Cp1252 actually) to copy filtered resources, i.e. build is platform dependent!
2017-08-22 12:24:24,499 [Worker-28] INFO  o.e.m.c.i.embedder.EclipseLogger - Copying 0 resource
2017-08-22 12:24:24,500 [Worker-28] WARN  o.e.m.c.i.embedder.EclipseLogger - Using platform encoding (Cp1252 actually) to copy filtered resources, i.e. build is platform dependent!
2017-08-22 12:24:24,501 [Worker-28] INFO  o.e.m.c.i.embedder.EclipseLogger - skip non existing resourceDirectory E:\DTJava\DTVersion3Final\CollabREST\src\test\resources
2017-08-22 12:24:41,643 [Worker-28] WARN  o.e.m.c.i.embedder.EclipseLogger - Using platform encoding (Cp1252 actually) to copy filtered resources, i.e. build is platform dependent!
2017-08-22 12:24:41,645 [Worker-28] INFO  o.e.m.c.i.embedder.EclipseLogger - Copying 0 resource
2017-08-22 12:24:41,647 [Worker-28] WARN  o.e.m.c.i.embedder.EclipseLogger - Using platform encoding (Cp1252 actually) to copy filtered resources, i.e. build is platform dependent!
2017-08-22 12:24:41,648 [Worker-28] INFO  o.e.m.c.i.embedder.EclipseLogger - skip non existing resourceDirectory E:\DTJava\DTVersion3Final\CollabREST\src\test\resources
2017-08-22 12:25:01,605 [Worker-32] WARN  o.e.m.c.i.embedder.EclipseLogger - Using platform encoding (Cp1252 actually) to copy filtered resources, i.e. build is platform dependent!
2017-08-22 12:25:01,607 [Worker-32] INFO  o.e.m.c.i.embedder.EclipseLogger - Copying 0 resource
2017-08-22 12:25:01,608 [Worker-32] WARN  o.e.m.c.i.embedder.EclipseLogger - Using platform encoding (Cp1252 actually) to copy filtered resources, i.e. build is platform dependent!
2017-08-22 12:25:01,609 [Worker-32] INFO  o.e.m.c.i.embedder.EclipseLogger - skip non existing resourceDirectory E:\DTJava\DTVersion3Final\CollabREST\src\test\resources
2017-08-22 12:25:20,286 [Worker-32] WARN  o.e.m.c.i.embedder.EclipseLogger - Using platform encoding (Cp1252 actually) to copy filtered resources, i.e. build is platform dependent!
2017-08-22 12:25:20,287 [Worker-32] INFO  o.e.m.c.i.embedder.EclipseLogger - Copying 0 resource
2017-08-22 12:25:20,289 [Worker-32] WARN  o.e.m.c.i.embedder.EclipseLogger - Using platform encoding (Cp1252 actually) to copy filtered resources, i.e. build is platform dependent!
2017-08-22 12:25:20,290 [Worker-32] INFO  o.e.m.c.i.embedder.EclipseLogger - skip non existing resourceDirectory E:\DTJava\DTVersion3Final\CollabREST\src\test\resources
2017-08-22 12:25:54,384 [Worker-31] INFO  o.e.m.c.i.l.LifecycleMappingFactory - Using org.maven.ide.eclipse.wtp.WarLifecycleMapping lifecycle mapping for MavenProject: com.niit:CollabREST:0.0.1-SNAPSHOT @ E:\DTJava\DTVersion3Final\CollabREST\pom.xml.
2017-08-22 12:25:57,374 [Worker-31] WARN  o.e.m.c.i.embedder.EclipseLogger - Using platform encoding (Cp1252 actually) to copy filtered resources, i.e. build is platform dependent!
2017-08-22 12:25:57,376 [Worker-31] INFO  o.e.m.c.i.embedder.EclipseLogger - Copying 0 resource
2017-08-22 12:25:57,378 [Worker-31] WARN  o.e.m.c.i.embedder.EclipseLogger - Using platform encoding (Cp1252 actually) to copy filtered resources, i.e. build is platform dependent!
2017-08-22 12:25:57,379 [Worker-31] INFO  o.e.m.c.i.embedder.EclipseLogger - skip non existing resourceDirectory E:\DTJava\DTVersion3Final\CollabREST\src\test\resources
2017-08-22 12:25:57,380 [Worker-31] INFO  o.e.m.w.i.f.ResourceFilteringBuildParticipant - Changed resources require a complete clean of filtered resources of CollabREST
2017-08-22 12:25:57,381 [Worker-31] INFO  o.e.m.w.i.f.ResourceFilteringBuildParticipant - Executing resource filtering for CollabREST
2017-08-22 12:25:57,389 [Worker-31] WARN  o.e.m.c.i.embedder.EclipseLogger - Using platform encoding (Cp1252 actually) to copy filtered resources, i.e. build is platform dependent!
2017-08-22 12:25:57,797 [Worker-31] INFO  o.e.m.c.i.embedder.EclipseLogger - Using 'UTF-8' encoding to copy filtered resources.
2017-08-22 12:25:57,797 [Worker-31] INFO  o.e.m.c.i.embedder.EclipseLogger - skip non existing resourceDirectory E:\DTJava\DTVersion3Final\CollabBackEnd\src\main\resources
2017-08-22 12:25:57,799 [Worker-31] INFO  o.e.m.c.i.embedder.EclipseLogger - Using 'UTF-8' encoding to copy filtered resources.
2017-08-22 12:25:57,799 [Worker-31] INFO  o.e.m.c.i.embedder.EclipseLogger - skip non existing resourceDirectory E:\DTJava\DTVersion3Final\CollabBackEnd\src\test\resources
2017-08-22 12:25:58,599 [Worker-31] WARN  o.e.m.c.i.embedder.EclipseLogger - Using platform encoding (Cp1252 actually) to copy filtered resources, i.e. build is platform dependent!
2017-08-22 12:25:58,601 [Worker-31] INFO  o.e.m.c.i.embedder.EclipseLogger - Copying 0 resource
2017-08-22 12:25:58,603 [Worker-31] WARN  o.e.m.c.i.embedder.EclipseLogger - Using platform encoding (Cp1252 actually) to copy filtered resources, i.e. build is platform dependent!
2017-08-22 12:25:58,604 [Worker-31] INFO  o.e.m.c.i.embedder.EclipseLogger - skip non existing resourceDirectory E:\DTJava\DTVersion3Final\CollabREST\src\test\resources
2017-08-22 12:26:07,193 [Worker-22] WARN  o.e.m.c.i.embedder.EclipseLogger - Using platform encoding (Cp1252 actually) to copy filtered resources, i.e. build is platform dependent!
2017-08-22 12:26:07,195 [Worker-22] INFO  o.e.m.c.i.embedder.EclipseLogger - Copying 0 resource
2017-08-22 12:26:07,197 [Worker-22] WARN  o.e.m.c.i.embedder.EclipseLogger - Using platform encoding (Cp1252 actually) to copy filtered resources, i.e. build is platform dependent!
2017-08-22 12:26:07,198 [Worker-22] INFO  o.e.m.c.i.embedder.EclipseLogger - skip non existing resourceDirectory E:\DTJava\DTVersion3Final\CollabREST\src\test\resources
2017-08-22 12:26:22,086 [Worker-34] WARN  o.e.m.c.i.embedder.EclipseLogger - Using platform encoding (Cp1252 actually) to copy filtered resources, i.e. build is platform dependent!
2017-08-22 12:26:22,088 [Worker-34] INFO  o.e.m.c.i.embedder.EclipseLogger - Copying 0 resource
2017-08-22 12:26:22,090 [Worker-34] WARN  o.e.m.c.i.embedder.EclipseLogger - Using platform encoding (Cp1252 actually) to copy filtered resources, i.e. build is platform dependent!
2017-08-22 12:26:22,091 [Worker-34] INFO  o.e.m.c.i.embedder.EclipseLogger - skip non existing resourceDirectory E:\DTJava\DTVersion3Final\CollabREST\src\test\resources
2017-08-22 12:26:39,286 [Worker-35] WARN  o.e.m.c.i.embedder.EclipseLogger - Using platform encoding (Cp1252 actually) to copy filtered resources, i.e. build is platform dependent!
2017-08-22 12:26:39,288 [Worker-35] INFO  o.e.m.c.i.embedder.EclipseLogger - Copying 0 resource
2017-08-22 12:26:39,289 [Worker-35] WARN  o.e.m.c.i.embedder.EclipseLogger - Using platform encoding (Cp1252 actually) to copy filtered resources, i.e. build is platform dependent!
2017-08-22 12:26:39,291 [Worker-35] INFO  o.e.m.c.i.embedder.EclipseLogger - skip non existing resourceDirectory E:\DTJava\DTVersion3Final\CollabREST\src\test\resources
2017-08-22 12:26:47,584 [Worker-33] WARN  o.e.m.c.i.embedder.EclipseLogger - Using platform encoding (Cp1252 actually) to copy filtered resources, i.e. build is platform dependent!
2017-08-22 12:26:47,586 [Worker-33] INFO  o.e.m.c.i.embedder.EclipseLogger - Copying 0 resource
2017-08-22 12:26:47,587 [Worker-33] WARN  o.e.m.c.i.embedder.EclipseLogger - Using platform encoding (Cp1252 actually) to copy filtered resources, i.e. build is platform dependent!
2017-08-22 12:26:47,588 [Worker-33] INFO  o.e.m.c.i.embedder.EclipseLogger - skip non existing resourceDirectory E:\DTJava\DTVersion3Final\CollabREST\src\test\resources
